
> backend@1.0.0 dev
> nodemon src/server.ts

[33m[nodemon] 3.1.11[39m
[33m[nodemon] to restart at any time, enter `rs`[39m
[33m[nodemon] watching path(s): *.*[39m
[33m[nodemon] watching extensions: ts,json[39m
[32m[nodemon] starting `ts-node src/server.ts`[39m
[dotenv@17.2.3] injecting env (0) from .env -- tip: ÔÜÖ´©Å  write to custom object with { processEnv: myObject }
Server running on port 3001
[0mPOST /api/auth/login [32m200[0m 102.631 ms - 298[0m
[0mPOST /api/categories [32m201[0m 43.104 ms - 145[0m
[0mPOST /api/ingredients [32m201[0m 4.378 ms - 190[0m
[0mPOST /api/products [32m201[0m 6.199 ms - 320[0m
DEBUG: Creating Order with data: {
  "orderNumber": 1,
  "channel": "POS",
  "status": "OPEN",
  "paymentStatus": "PENDING",
  "subtotal": 3000,
  "total": 3000,
  "businessDate": "2026-01-14T18:48:23.118Z",
  "items": {
    "create": [
      {
        "productId": 9,
        "product": {
          "connect": {
            "id": 9
          }
        },
        "quantity": 2,
        "unitPrice": 1500,
        "notes": "No pickles",
        "status": "PENDING"
      }
    ]
  }
}
PrismaClientValidationError: 
Invalid `tx.order.create()` invocation in
D:\Proyectos\control_gastronomicoV2\backend\src\services\order.service.ts:113:36

  110 
  111 console.log('DEBUG: Creating Order with data:', JSON.stringify(createData, null, 2));
  112 
ÔåÆ 113 const order = await tx.order.create({
        data: {
          orderNumber: 1,
          channel: "POS",
          status: "OPEN",
          paymentStatus: "PENDING",
          subtotal: 3000,
          total: 3000,
          businessDate: new Date("2026-01-14T18:48:23.118Z"),
          items: {
            create: [
              {
                productId: 9,
                product: {
                  connect: {
                    id: 9
                  }
                },
                quantity: 2,
                unitPrice: 1500,
                notes: "No pickles",
                status: "PENDING"
              }
            ]
          }
        },
        include: {
          items: true
        }
      })

Unknown argument `productId`. Did you mean `product`? Available options are marked with ?.
    at throwValidationException (D:\Proyectos\control_gastronomicoV2\backend\node_modules\@prisma\client\src\runtime\core\errorRendering\throwValidationException.ts:45:9)
    at ei.handleRequestError (D:\Proyectos\control_gastronomicoV2\backend\node_modules\@prisma\client\src\runtime\RequestHandler.ts:202:7)
    at ei.handleAndLogRequestError (D:\Proyectos\control_gastronomicoV2\backend\node_modules\@prisma\client\src\runtime\RequestHandler.ts:174:12)
    at ei.request (D:\Proyectos\control_gastronomicoV2\backend\node_modules\@prisma\client\src\runtime\RequestHandler.ts:143:12)
    at async a (D:\Proyectos\control_gastronomicoV2\backend\node_modules\@prisma\client\src\runtime\getPrismaClient.ts:833:24)
    at async D:\Proyectos\control_gastronomicoV2\backend\src\services\order.service.ts:113:21
    at async Proxy._transactionWithCallback (D:\Proyectos\control_gastronomicoV2\backend\node_modules\@prisma\client\src\runtime\getPrismaClient.ts:722:18)
    at async OrderService.createOrder (D:\Proyectos\control_gastronomicoV2\backend\src\services\order.service.ts:27:12)
    at async createOrder (D:\Proyectos\control_gastronomicoV2\backend\src\controllers\order.controller.ts:34:19) {
  clientVersion: '6.19.2'
}
[0mPOST /api/orders [31m500[0m 36.835 ms - -[0m
[32m[nodemon] restarting due to changes...[39m
[32m[nodemon] starting `ts-node src/server.ts`[39m
[dotenv@17.2.3] injecting env (0) from .env -- tip: ­ƒöÉ prevent committing .env to code: https://dotenvx.com/precommit
Server running on port 3001
[0mPOST /api/auth/login [32m200[0m 85.865 ms - 298[0m
[0mPOST /api/categories [32m201[0m 33.699 ms - 145[0m
[0mPOST /api/ingredients [32m201[0m 3.428 ms - 190[0m
[0mPOST /api/products [32m201[0m 5.453 ms - 322[0m
DEBUG: Creating Order with data: {
  "orderNumber": 1,
  "channel": "POS",
  "status": "OPEN",
  "paymentStatus": "PENDING",
  "subtotal": 3000,
  "total": 3000,
  "businessDate": "2026-01-14T18:48:54.333Z",
  "items": {
    "create": [
      {
        "product": {
          "connect": {
            "id": 10
          }
        },
        "quantity": 2,
        "unitPrice": 1500,
        "notes": "No pickles",
        "status": "PENDING"
      }
    ]
  }
}
[0mPOST /api/orders [32m201[0m 16.491 ms - 533[0m
[0mGET /api/stock-movements?ingredientId=12 [32m200[0m 2.681 ms - 300[0m
[0mGET /api/products [32m200[0m 8.049 ms - -[0m
[0mGET /api/categories [32m200[0m 6.898 ms - -[0m
[0mGET /api/products [32m200[0m 6.500 ms - -[0m
[0mGET /api/categories [32m200[0m 6.482 ms - -[0m
[0mGET /api/categories [32m200[0m 3.616 ms - -[0m
[0mGET /api/categories [32m200[0m 2.482 ms - -[0m
[0mGET /api/products [32m200[0m 4.463 ms - -[0m
[0mGET /api/products [32m200[0m 7.139 ms - -[0m
[0mGET /api/categories [32m200[0m 3.069 ms - -[0m
[0mGET /api/categories [32m200[0m 5.745 ms - -[0m
[0mPOST /api/auth/login [33m401[0m 2.143 ms - 322[0m
[0mPOST /api/auth/login [33m401[0m 0.374 ms - 322[0m
[0mPOST /api/auth/login [32m200[0m 78.087 ms - 298[0m
[0mGET /api/categories [32m200[0m 3.948 ms - -[0m
[0mGET /api/categories [36m304[0m 2.421 ms - -[0m
[0mGET /api/products [32m200[0m 7.372 ms - -[0m
[0mGET /api/products [36m304[0m 6.654 ms - -[0m
Error: Product Classic Burger is not active
    at D:\Proyectos\control_gastronomicoV2\backend\src\services\order.service.ts:42:38
    at async Proxy._transactionWithCallback (D:\Proyectos\control_gastronomicoV2\backend\node_modules\@prisma\client\src\runtime\getPrismaClient.ts:722:18)
    at async OrderService.createOrder (D:\Proyectos\control_gastronomicoV2\backend\src\services\order.service.ts:27:12)
    at async createOrder (D:\Proyectos\control_gastronomicoV2\backend\src\controllers\order.controller.ts:34:19)
[0mPOST /api/orders [31m500[0m 42.937 ms - 64[0m
Error: Product Classic Burger is not active
    at D:\Proyectos\control_gastronomicoV2\backend\src\services\order.service.ts:42:38
    at async Proxy._transactionWithCallback (D:\Proyectos\control_gastronomicoV2\backend\node_modules\@prisma\client\src\runtime\getPrismaClient.ts:722:18)
    at async OrderService.createOrder (D:\Proyectos\control_gastronomicoV2\backend\src\services\order.service.ts:27:12)
    at async createOrder (D:\Proyectos\control_gastronomicoV2\backend\src\controllers\order.controller.ts:34:19)
[0mPOST /api/orders [31m500[0m 2.874 ms - 64[0m
Error: Product Classic Burger is not active
    at D:\Proyectos\control_gastronomicoV2\backend\src\services\order.service.ts:42:38
    at async Proxy._transactionWithCallback (D:\Proyectos\control_gastronomicoV2\backend\node_modules\@prisma\client\src\runtime\getPrismaClient.ts:722:18)
    at async OrderService.createOrder (D:\Proyectos\control_gastronomicoV2\backend\src\services\order.service.ts:27:12)
    at async createOrder (D:\Proyectos\control_gastronomicoV2\backend\src\controllers\order.controller.ts:34:19)
[0mPOST /api/orders [31m500[0m 3.052 ms - 64[0m
[0mGET /api/categories [36m304[0m 8.792 ms - -[0m
[0mGET /api/products [36m304[0m 8.248 ms - -[0m
[0mGET /api/categories [36m304[0m 5.794 ms - -[0m
[0mGET /api/products [36m304[0m 9.659 ms - -[0m
Error: Product Classic Burger is not active
    at D:\Proyectos\control_gastronomicoV2\backend\src\services\order.service.ts:42:38
    at async Proxy._transactionWithCallback (D:\Proyectos\control_gastronomicoV2\backend\node_modules\@prisma\client\src\runtime\getPrismaClient.ts:722:18)
    at async OrderService.createOrder (D:\Proyectos\control_gastronomicoV2\backend\src\services\order.service.ts:27:12)
    at async createOrder (D:\Proyectos\control_gastronomicoV2\backend\src\controllers\order.controller.ts:34:19)
[0mPOST /api/orders [31m500[0m 2.809 ms - 64[0m
Error: Product Classic Burger is not active
    at D:\Proyectos\control_gastronomicoV2\backend\src\services\order.service.ts:42:38
    at async Proxy._transactionWithCallback (D:\Proyectos\control_gastronomicoV2\backend\node_modules\@prisma\client\src\runtime\getPrismaClient.ts:722:18)
    at async OrderService.createOrder (D:\Proyectos\control_gastronomicoV2\backend\src\services\order.service.ts:27:12)
    at async createOrder (D:\Proyectos\control_gastronomicoV2\backend\src\controllers\order.controller.ts:34:19)
[0mPOST /api/orders [31m500[0m 3.028 ms - 64[0m
DEBUG: Creating Order with data: {
  "orderNumber": 2,
  "channel": "POS",
  "status": "OPEN",
  "paymentStatus": "PENDING",
  "subtotal": 1500,
  "total": 1500,
  "businessDate": "2026-01-14T19:02:07.803Z",
  "items": {
    "create": [
      {
        "product": {
          "connect": {
            "id": 5
          }
        },
        "quantity": 1,
        "unitPrice": 1500,
        "notes": null,
        "status": "PENDING"
      }
    ]
  }
}
[0mPOST /api/orders [32m201[0m 43.672 ms - 524[0m
[0mGET /api/products?categoryId=3 [32m200[0m 4.219 ms - 430[0m
[0mGET /api/products?categoryId=12 [32m200[0m 3.682 ms - 636[0m
[0mGET /api/products?categoryId=11 [32m200[0m 2.969 ms - 635[0m
[0mPOST /api/auth/login [32m200[0m 64.964 ms - 298[0m
[0mGET /api/products [32m200[0m 3.333 ms - -[0m
[0mPATCH /api/products/4/toggle [32m200[0m 42.862 ms - 254[0m
[0mGET /api/products?categoryId=12 [36m304[0m 2.835 ms - -[0m
[0mGET /api/products?categoryId=4 [32m200[0m 2.683 ms - 430[0m
[0mGET /api/categories [36m304[0m 3.579 ms - -[0m
[0mGET /api/categories [36m304[0m 2.019 ms - -[0m
[0mGET /api/products [32m200[0m 4.496 ms - -[0m
[0mGET /api/products [36m304[0m 4.840 ms - -[0m
DEBUG: Creating Order with data: {
  "orderNumber": 3,
  "channel": "POS",
  "status": "OPEN",
  "paymentStatus": "PENDING",
  "subtotal": 3000,
  "total": 3000,
  "businessDate": "2026-01-14T19:04:37.947Z",
  "items": {
    "create": [
      {
        "product": {
          "connect": {
            "id": 4
          }
        },
        "quantity": 2,
        "unitPrice": 1500,
        "notes": null,
        "status": "PENDING"
      }
    ]
  }
}
[0mPOST /api/orders [32m201[0m 49.547 ms - 524[0m
DEBUG: Creating Order with data: {
  "orderNumber": 4,
  "channel": "POS",
  "status": "OPEN",
  "paymentStatus": "PENDING",
  "subtotal": 1500,
  "total": 1500,
  "businessDate": "2026-01-14T19:05:21.016Z",
  "items": {
    "create": [
      {
        "product": {
          "connect": {
            "id": 4
          }
        },
        "quantity": 1,
        "unitPrice": 1500,
        "notes": null,
        "status": "PENDING"
      }
    ]
  }
}
[0mPOST /api/orders [32m201[0m 12.809 ms - 524[0m
[0mGET /api/categories [36m304[0m 5.521 ms - -[0m
[0mGET /api/categories [36m304[0m 2.932 ms - -[0m
[0mGET /api/products [32m200[0m 9.080 ms - -[0m
[0mGET /api/products [36m304[0m 5.934 ms - -[0m
[0mGET /api/categories [36m304[0m 4.163 ms - -[0m
[0mGET /api/products [36m304[0m 5.656 ms - -[0m
[0mGET /api/categories [36m304[0m 3.201 ms - -[0m
[0mGET /api/products [36m304[0m 4.780 ms - -[0m
[0mGET /api/categories [36m304[0m 3.494 ms - -[0m
[0mGET /api/products [36m304[0m 3.376 ms - -[0m
[0mGET /api/categories [36m304[0m 2.839 ms - -[0m
[0mGET /api/products [36m304[0m 3.192 ms - -[0m
[0mGET /api/products [36m304[0m 6.879 ms - -[0m
[0mGET /api/categories [36m304[0m 7.201 ms - -[0m
[0mGET /api/categories [36m304[0m 2.350 ms - -[0m
[0mGET /api/products [36m304[0m 5.885 ms - -[0m
[0mGET /api/categories [36m304[0m 2.414 ms - -[0m
[0mGET /api/categories [36m304[0m 2.019 ms - -[0m
[0mGET /api/categories [36m304[0m 2.552 ms - -[0m
[0mGET /api/products [36m304[0m 4.087 ms - -[0m
[0mGET /api/categories [36m304[0m 2.662 ms - -[0m
[0mGET /api/products [36m304[0m 3.089 ms - -[0m
[0mGET /api/categories [36m304[0m 2.241 ms - -[0m
[0mGET /api/categories [36m304[0m 1.595 ms - -[0m
[0mGET /api/categories [36m304[0m 2.075 ms - -[0m
[0mGET /api/products [36m304[0m 4.309 ms - -[0m
[0mGET /api/categories [36m304[0m 2.268 ms - -[0m
[0mGET /api/products [36m304[0m 2.705 ms - -[0m
[32m[nodemon] restarting due to changes...[39m
[32m[nodemon] restarting due to changes...[39m
[32m[nodemon] starting `ts-node src/server.ts`[39m
[dotenv@17.2.3] injecting env (0) from .env -- tip: ­ƒæÑ sync secrets across teammates & machines: https://dotenvx.com/ops
Server running on port 3001
[32m[nodemon] restarting due to changes...[39m
[32m[nodemon] restarting due to changes...[39m
[32m[nodemon] starting `ts-node src/server.ts`[39m
[32m[nodemon] restarting due to changes...[39m
[32m[nodemon] restarting due to changes...[39m
[32m[nodemon] starting `ts-node src/server.ts`[39m
[dotenv@17.2.3] injecting env (0) from .env -- tip: ­ƒöÉ prevent building .env in docker: https://dotenvx.com/prebuild
Server running on port 3001
[32m[nodemon] restarting due to changes...[39m
[32m[nodemon] starting `ts-node src/server.ts`[39m
[dotenv@17.2.3] injecting env (0) from .env -- tip: ÔÜÖ´©Å  enable debug logging with { debug: true }
Server running on port 3001
[32m[nodemon] clean exit - waiting for changes before restart[39m
[32m[nodemon] restarting due to changes...[39m
[32m[nodemon] starting `ts-node src/server.ts`[39m
D:\Proyectos\control_gastronomicoV2\backend\node_modules\ts-node\src\index.ts:859
    return new TSError(diagnosticText, diagnosticCodes, diagnostics);
           ^
TSError: Ô¿» Unable to compile TypeScript:
src/routes/cashShift.routes.ts(4,30): error TS2307: Cannot find module '../middleware/auth.middleware' or its corresponding type declarations.

    at createTSError (D:\Proyectos\control_gastronomicoV2\backend\node_modules\ts-node\src\index.ts:859:12)
    at reportTSError (D:\Proyectos\control_gastronomicoV2\backend\node_modules\ts-node\src\index.ts:863:19)
    at getOutput (D:\Proyectos\control_gastronomicoV2\backend\node_modules\ts-node\src\index.ts:1077:36)
    at Object.compile (D:\Proyectos\control_gastronomicoV2\backend\node_modules\ts-node\src\index.ts:1433:41)
    at Module.m._compile (D:\Proyectos\control_gastronomicoV2\backend\node_modules\ts-node\src\index.ts:1617:30)
    at node:internal/modules/cjs/loader:1895:10
    at Object.require.extensions.<computed> [as .ts] (D:\Proyectos\control_gastronomicoV2\backend\node_modules\ts-node\src\index.ts:1621:12)
    at Module.load (node:internal/modules/cjs/loader:1465:32)
    at Function._load (node:internal/modules/cjs/loader:1282:12)
    at TracingChannel.traceSync (node:diagnostics_channel:322:14) {
  diagnosticCodes: [ 2307 ]
}
[31m[nodemon] app crashed - waiting for file changes before starting...[39m
[32m[nodemon] restarting due to changes...[39m
[32m[nodemon] starting `ts-node src/server.ts`[39m
D:\Proyectos\control_gastronomicoV2\backend\node_modules\ts-node\src\index.ts:859
    return new TSError(diagnosticText, diagnosticCodes, diagnostics);
           ^
TSError: Ô¿» Unable to compile TypeScript:
src/routes/cashShift.routes.ts(4,30): error TS2307: Cannot find module '../middleware/auth.middleware' or its corresponding type declarations.

    at createTSError (D:\Proyectos\control_gastronomicoV2\backend\node_modules\ts-node\src\index.ts:859:12)
    at reportTSError (D:\Proyectos\control_gastronomicoV2\backend\node_modules\ts-node\src\index.ts:863:19)
    at getOutput (D:\Proyectos\control_gastronomicoV2\backend\node_modules\ts-node\src\index.ts:1077:36)
    at Object.compile (D:\Proyectos\control_gastronomicoV2\backend\node_modules\ts-node\src\index.ts:1433:41)
    at Module.m._compile (D:\Proyectos\control_gastronomicoV2\backend\node_modules\ts-node\src\index.ts:1617:30)
    at node:internal/modules/cjs/loader:1895:10
    at Object.require.extensions.<computed> [as .ts] (D:\Proyectos\control_gastronomicoV2\backend\node_modules\ts-node\src\index.ts:1621:12)
    at Module.load (node:internal/modules/cjs/loader:1465:32)
    at Function._load (node:internal/modules/cjs/loader:1282:12)
    at TracingChannel.traceSync (node:diagnostics_channel:322:14) {
  diagnosticCodes: [ 2307 ]
}
[31m[nodemon] app crashed - waiting for file changes before starting...[39m
[32m[nodemon] restarting due to changes...[39m
[32m[nodemon] starting `ts-node src/server.ts`[39m
[32m[nodemon] restarting due to changes...[39m
[32m[nodemon] starting `ts-node src/server.ts`[39m
D:\Proyectos\control_gastronomicoV2\backend\node_modules\ts-node\src\index.ts:859
    return new TSError(diagnosticText, diagnosticCodes, diagnostics);
           ^
TSError: Ô¿» Unable to compile TypeScript:
src/services/order.service.ts(87,13): error TS2451: Cannot redeclare block-scoped variable 'activeShift'.
src/services/order.service.ts(107,13): error TS2451: Cannot redeclare block-scoped variable 'activeShift'.

    at createTSError (D:\Proyectos\control_gastronomicoV2\backend\node_modules\ts-node\src\index.ts:859:12)
    at reportTSError (D:\Proyectos\control_gastronomicoV2\backend\node_modules\ts-node\src\index.ts:863:19)
    at getOutput (D:\Proyectos\control_gastronomicoV2\backend\node_modules\ts-node\src\index.ts:1077:36)
    at Object.compile (D:\Proyectos\control_gastronomicoV2\backend\node_modules\ts-node\src\index.ts:1433:41)
    at Module.m._compile (D:\Proyectos\control_gastronomicoV2\backend\node_modules\ts-node\src\index.ts:1617:30)
    at node:internal/modules/cjs/loader:1895:10
    at Object.require.extensions.<computed> [as .ts] (D:\Proyectos\control_gastronomicoV2\backend\node_modules\ts-node\src\index.ts:1621:12)
    at Module.load (node:internal/modules/cjs/loader:1465:32)
    at Function._load (node:internal/modules/cjs/loader:1282:12)
    at TracingChannel.traceSync (node:diagnostics_channel:322:14) {
  diagnosticCodes: [ 2451, 2451 ]
}
[31m[nodemon] app crashed - waiting for file changes before starting...[39m
[32m[nodemon] restarting due to changes...[39m
[32m[nodemon] starting `ts-node src/server.ts`[39m
D:\Proyectos\control_gastronomicoV2\backend\node_modules\ts-node\src\index.ts:859
    return new TSError(diagnosticText, diagnosticCodes, diagnostics);
           ^
TSError: Ô¿» Unable to compile TypeScript:
src/routes/cashShift.routes.ts(4,30): error TS2307: Cannot find module '../middleware/auth.middleware' or its corresponding type declarations.

    at createTSError (D:\Proyectos\control_gastronomicoV2\backend\node_modules\ts-node\src\index.ts:859:12)
    at reportTSError (D:\Proyectos\control_gastronomicoV2\backend\node_modules\ts-node\src\index.ts:863:19)
    at getOutput (D:\Proyectos\control_gastronomicoV2\backend\node_modules\ts-node\src\index.ts:1077:36)
    at Object.compile (D:\Proyectos\control_gastronomicoV2\backend\node_modules\ts-node\src\index.ts:1433:41)
    at Module.m._compile (D:\Proyectos\control_gastronomicoV2\backend\node_modules\ts-node\src\index.ts:1617:30)
    at node:internal/modules/cjs/loader:1895:10
    at Object.require.extensions.<computed> [as .ts] (D:\Proyectos\control_gastronomicoV2\backend\node_modules\ts-node\src\index.ts:1621:12)
    at Module.load (node:internal/modules/cjs/loader:1465:32)
    at Function._load (node:internal/modules/cjs/loader:1282:12)
    at TracingChannel.traceSync (node:diagnostics_channel:322:14) {
  diagnosticCodes: [ 2307 ]
}
[31m[nodemon] app crashed - waiting for file changes before starting...[39m
[32m[nodemon] restarting due to changes...[39m
[32m[nodemon] starting `ts-node src/server.ts`[39m
D:\Proyectos\control_gastronomicoV2\backend\node_modules\ts-node\src\index.ts:859
    return new TSError(diagnosticText, diagnosticCodes, diagnostics);
           ^
TSError: Ô¿» Unable to compile TypeScript:
src/routes/cashShift.routes.ts(4,10): error TS2305: Module '"../middleware/auth"' has no exported member 'authenticate'.

    at createTSError (D:\Proyectos\control_gastronomicoV2\backend\node_modules\ts-node\src\index.ts:859:12)
    at reportTSError (D:\Proyectos\control_gastronomicoV2\backend\node_modules\ts-node\src\index.ts:863:19)
    at getOutput (D:\Proyectos\control_gastronomicoV2\backend\node_modules\ts-node\src\index.ts:1077:36)
    at Object.compile (D:\Proyectos\control_gastronomicoV2\backend\node_modules\ts-node\src\index.ts:1433:41)
    at Module.m._compile (D:\Proyectos\control_gastronomicoV2\backend\node_modules\ts-node\src\index.ts:1617:30)
    at node:internal/modules/cjs/loader:1895:10
    at Object.require.extensions.<computed> [as .ts] (D:\Proyectos\control_gastronomicoV2\backend\node_modules\ts-node\src\index.ts:1621:12)
    at Module.load (node:internal/modules/cjs/loader:1465:32)
    at Function._load (node:internal/modules/cjs/loader:1282:12)
    at TracingChannel.traceSync (node:diagnostics_channel:322:14) {
  diagnosticCodes: [ 2305 ]
}
[31m[nodemon] app crashed - waiting for file changes before starting...[39m
[32m[nodemon] restarting due to changes...[39m
[32m[nodemon] starting `ts-node src/server.ts`[39m
D:\Proyectos\control_gastronomicoV2\backend\node_modules\ts-node\src\index.ts:859
    return new TSError(diagnosticText, diagnosticCodes, diagnostics);
           ^
TSError: Ô¿» Unable to compile TypeScript:
src/controllers/cashShift.controller.ts(18,28): error TS2339: Property 'user' does not exist on type 'Request<ParamsDictionary, any, any, ParsedQs, Record<string, any>>'.
src/controllers/cashShift.controller.ts(20,41): error TS2345: Argument of type 'string' is not assignable to parameter of type '{ page: number; limit: number; total: number; totalPages: number; }'.
src/controllers/cashShift.controller.ts(35,28): error TS2339: Property 'user' does not exist on type 'Request<ParamsDictionary, any, any, ParsedQs, Record<string, any>>'.
src/controllers/cashShift.controller.ts(37,41): error TS2345: Argument of type 'string' is not assignable to parameter of type '{ page: number; limit: number; total: number; totalPages: number; }'.
src/controllers/cashShift.controller.ts(51,28): error TS2339: Property 'user' does not exist on type 'Request<ParamsDictionary, any, any, ParsedQs, Record<string, any>>'.

    at createTSError (D:\Proyectos\control_gastronomicoV2\backend\node_modules\ts-node\src\index.ts:859:12)
    at reportTSError (D:\Proyectos\control_gastronomicoV2\backend\node_modules\ts-node\src\index.ts:863:19)
    at getOutput (D:\Proyectos\control_gastronomicoV2\backend\node_modules\ts-node\src\index.ts:1077:36)
    at Object.compile (D:\Proyectos\control_gastronomicoV2\backend\node_modules\ts-node\src\index.ts:1433:41)
    at Module.m._compile (D:\Proyectos\control_gastronomicoV2\backend\node_modules\ts-node\src\index.ts:1617:30)
    at node:internal/modules/cjs/loader:1895:10
    at Object.require.extensions.<computed> [as .ts] (D:\Proyectos\control_gastronomicoV2\backend\node_modules\ts-node\src\index.ts:1621:12)
    at Module.load (node:internal/modules/cjs/loader:1465:32)
    at Function._load (node:internal/modules/cjs/loader:1282:12)
    at TracingChannel.traceSync (node:diagnostics_channel:322:14) {
  diagnosticCodes: [ 2339, 2345, 2339, 2345, 2339 ]
}
[31m[nodemon] app crashed - waiting for file changes before starting...[39m
[32m[nodemon] restarting due to changes...[39m
[32m[nodemon] starting `ts-node src/server.ts`[39m
[dotenv@17.2.3] injecting env (0) from .env -- tip: ­ƒöÉ prevent committing .env to code: https://dotenvx.com/precommit
Server running on port 3001
[0mPOST /api/auth/login [32m200[0m 145.412 ms - 298[0m
[0mPOST /api/cash-shifts/close [33m404[0m 5.307 ms - 96[0m
Error: Server ID is required to create an order
    at D:\Proyectos\control_gastronomicoV2\backend\src\services\order.service.ts:84:17
    at async Proxy._transactionWithCallback (D:\Proyectos\control_gastronomicoV2\backend\node_modules\@prisma\client\src\runtime\getPrismaClient.ts:722:18)
    at async OrderService.createOrder (D:\Proyectos\control_gastronomicoV2\backend\src\services\order.service.ts:27:12)
    at async createOrder (D:\Proyectos\control_gastronomicoV2\backend\src\controllers\order.controller.ts:34:19)
[0mPOST /api/orders [31m500[0m 28.420 ms - 68[0m
[0mPOST /api/cash-shifts/open [32m200[0m 44.533 ms - 177[0m
Error: Server ID is required to create an order
    at D:\Proyectos\control_gastronomicoV2\backend\src\services\order.service.ts:84:17
    at async Proxy._transactionWithCallback (D:\Proyectos\control_gastronomicoV2\backend\node_modules\@prisma\client\src\runtime\getPrismaClient.ts:722:18)
    at async OrderService.createOrder (D:\Proyectos\control_gastronomicoV2\backend\src\services\order.service.ts:27:12)
    at async createOrder (D:\Proyectos\control_gastronomicoV2\backend\src\controllers\order.controller.ts:34:19)
[0mPOST /api/orders [31m500[0m 3.567 ms - 68[0m
[32m[nodemon] restarting due to changes...[39m
[32m[nodemon] starting `ts-node src/server.ts`[39m
[dotenv@17.2.3] injecting env (0) from .env -- tip: ­ƒöä add secrets lifecycle management: https://dotenvx.com/ops
Server running on port 3001
[0mPOST /api/auth/login [32m200[0m 92.791 ms - 298[0m
[0mPOST /api/cash-shifts/close [32m200[0m 48.789 ms - 198[0m
Error: Server ID is required to create an order
    at D:\Proyectos\control_gastronomicoV2\backend\src\services\order.service.ts:84:17
    at async Proxy._transactionWithCallback (D:\Proyectos\control_gastronomicoV2\backend\node_modules\@prisma\client\src\runtime\getPrismaClient.ts:722:18)
    at async OrderService.createOrder (D:\Proyectos\control_gastronomicoV2\backend\src\services\order.service.ts:27:12)
    at async createOrder (D:\Proyectos\control_gastronomicoV2\backend\src\controllers\order.controller.ts:33:19)
[0mPOST /api/orders [31m500[0m 24.922 ms - 68[0m
[0mPOST /api/cash-shifts/open [32m200[0m 4.891 ms - 177[0m
Error: Server ID is required to create an order
    at D:\Proyectos\control_gastronomicoV2\backend\src\services\order.service.ts:84:17
    at async Proxy._transactionWithCallback (D:\Proyectos\control_gastronomicoV2\backend\node_modules\@prisma\client\src\runtime\getPrismaClient.ts:722:18)
    at async OrderService.createOrder (D:\Proyectos\control_gastronomicoV2\backend\src\services\order.service.ts:27:12)
    at async createOrder (D:\Proyectos\control_gastronomicoV2\backend\src\controllers\order.controller.ts:33:19)
[0mPOST /api/orders [31m500[0m 4.355 ms - 68[0m
[32m[nodemon] restarting due to changes...[39m
[32m[nodemon] starting `ts-node src/server.ts`[39m
[dotenv@17.2.3] injecting env (0) from .env -- tip: ÔÜÖ´©Å  enable debug logging with { debug: true }
Server running on port 3001
[0mPOST /api/auth/login [32m200[0m 92.468 ms - 298[0m
[0mPOST /api/cash-shifts/close [32m200[0m 48.195 ms - 198[0m
Error: NO_OPEN_SHIFT: Debes abrir un turno de caja antes de vender.
    at D:\Proyectos\control_gastronomicoV2\backend\src\services\order.service.ts:95:17
    at async Proxy._transactionWithCallback (D:\Proyectos\control_gastronomicoV2\backend\node_modules\@prisma\client\src\runtime\getPrismaClient.ts:722:18)
    at async OrderService.createOrder (D:\Proyectos\control_gastronomicoV2\backend\src\services\order.service.ts:27:12)
    at async createOrder (D:\Proyectos\control_gastronomicoV2\backend\src\controllers\order.controller.ts:33:19)
[0mPOST /api/orders [31m500[0m 30.789 ms - 88[0m
[0mPOST /api/cash-shifts/open [32m200[0m 6.236 ms - 177[0m
DEBUG: Creating Order with data: {
  "orderNumber": 5,
  "channel": "POS",
  "status": "OPEN",
  "paymentStatus": "PENDING",
  "subtotal": 1500,
  "total": 1500,
  "businessDate": "2026-01-14T19:19:20.893Z",
  "items": {
    "create": [
      {
        "product": {
          "connect": {
            "id": 4
          }
        },
        "quantity": 1,
        "unitPrice": 1500,
        "notes": "Test Order B6",
        "status": "PENDING"
      }
    ]
  },
  "serverId": 1
}
[0mPOST /api/orders [32m201[0m 9.995 ms - 532[0m
[0mPOST /api/cash-shifts/close [32m200[0m 4.744 ms - 201[0m
Error: NO_OPEN_SHIFT: Debes abrir un turno de caja antes de vender.
    at D:\Proyectos\control_gastronomicoV2\backend\src\services\order.service.ts:95:17
    at async Proxy._transactionWithCallback (D:\Proyectos\control_gastronomicoV2\backend\node_modules\@prisma\client\src\runtime\getPrismaClient.ts:722:18)
    at async OrderService.createOrder (D:\Proyectos\control_gastronomicoV2\backend\src\services\order.service.ts:27:12)
    at async createOrder (D:\Proyectos\control_gastronomicoV2\backend\src\controllers\order.controller.ts:33:19)
[0mPOST /api/orders [31m500[0m 3.715 ms - 88[0m
[0mGET /api/categories [32m200[0m 5.296 ms - -[0m
[0mGET /api/categories [32m200[0m 4.486 ms - -[0m
[0mGET /api/products [32m200[0m 8.497 ms - -[0m
[0mGET /api/categories [36m304[0m 6.392 ms - -[0m
[0mGET /api/categories [36m304[0m 4.974 ms - -[0m
[0mGET /api/products [36m304[0m 9.046 ms - -[0m
[0mGET /api/categories [32m200[0m 8.005 ms - -[0m
[0mGET /api/products [32m200[0m 6.909 ms - -[0m
[0mGET /api/categories [32m200[0m 5.510 ms - -[0m
[0mGET /api/products [32m200[0m 4.547 ms - -[0m
[0mGET /api/categories [32m200[0m 5.869 ms - -[0m
[0mGET /api/categories [32m200[0m 3.377 ms - -[0m
[0mGET /api/categories [32m200[0m 6.195 ms - -[0m
[0mGET /api/products [32m200[0m 8.769 ms - -[0m
[0mGET /api/products [32m200[0m 4.934 ms - -[0m
[0mGET /api/categories [32m200[0m 3.839 ms - -[0m
[0mGET /api/products [32m200[0m 7.588 ms - -[0m
[0mGET /api/categories [32m200[0m 8.934 ms - -[0m
[0mGET /api/categories [32m200[0m 5.353 ms - -[0m
[0mGET /api/products [32m200[0m 4.778 ms - -[0m
[0mGET /api/categories [36m304[0m 6.330 ms - -[0m
[0mGET /api/products [36m304[0m 10.784 ms - -[0m
[0mGET /api/categories [32m200[0m 5.687 ms - -[0m
[0mGET /api/products [32m200[0m 12.939 ms - -[0m
[0mGET /api/categories [32m200[0m 3.933 ms - -[0m
[0mGET /api/products [32m200[0m 8.613 ms - -[0m
[0mGET /api/products [36m304[0m 7.932 ms - -[0m
[0mGET /api/categories [36m304[0m 5.060 ms - -[0m
[0mGET /api/categories [36m304[0m 11.424 ms - -[0m
[0mGET /api/products [36m304[0m 15.583 ms - -[0m
[0mGET /api/categories [32m200[0m 14.158 ms - -[0m
[0mGET /api/products [32m200[0m 12.013 ms - -[0m
[0mGET /api/categories [32m200[0m 3.767 ms - -[0m
[0mGET /api/products [32m200[0m 5.698 ms - -[0m
[0mGET /api/categories [32m200[0m 6.048 ms - -[0m
[0mGET /api/categories [32m200[0m 4.298 ms - -[0m
[0mGET /api/categories [32m200[0m 6.096 ms - -[0m
[0mGET /api/products [32m200[0m 9.716 ms - -[0m
[0mGET /api/products [32m200[0m 4.984 ms - -[0m
[0mGET /api/categories [32m200[0m 3.082 ms - -[0m
[0mPOST /api/auth/login/pin [32m200[0m 3.733 ms - 298[0m
[0mGET /api/categories [32m200[0m 3.971 ms - -[0m
[0mGET /api/categories [32m200[0m 2.511 ms - -[0m
[0mGET /api/categories [32m200[0m 7.460 ms - -[0m
[0mGET /api/products [32m200[0m 7.955 ms - -[0m
[0mGET /api/products [32m200[0m 5.666 ms - -[0m
[0mGET /api/categories [32m200[0m 3.223 ms - -[0m
[0mGET /api/cash-shifts/current [32m200[0m 7.465 ms - 28[0m
[0mGET /api/cash-shifts/current [32m200[0m 4.413 ms - 28[0m
[0mGET /api/categories [32m200[0m 13.908 ms - -[0m
[0mGET /api/products [32m200[0m 13.515 ms - -[0m
[0mGET /api/categories [32m200[0m 8.085 ms - -[0m
[0mGET /api/products [32m200[0m 6.914 ms - -[0m
[0mGET /api/categories [32m200[0m 3.772 ms - -[0m
[0mGET /api/categories [32m200[0m 2.654 ms - -[0m
[0mGET /api/categories [32m200[0m 7.096 ms - -[0m
[0mGET /api/products [32m200[0m 4.965 ms - -[0m
[0mGET /api/categories [32m200[0m 2.857 ms - -[0m
[0mGET /api/products [32m200[0m 4.646 ms - -[0m
[0mGET /api/categories [32m200[0m 3.391 ms - -[0m
[0mGET /api/categories [32m200[0m 4.018 ms - -[0m
[0mGET /api/cash-shifts/current [32m200[0m 6.687 ms - 28[0m
[0mGET /api/categories [32m200[0m 7.485 ms - -[0m
[0mGET /api/products [32m200[0m 8.535 ms - -[0m
[0mGET /api/cash-shifts/current [32m200[0m 5.010 ms - 28[0m
[0mGET /api/categories [32m200[0m 6.384 ms - -[0m
[0mGET /api/products [32m200[0m 7.409 ms - -[0m
[0mPOST /api/cash-shifts/open [32m200[0m 40.149 ms - 178[0m
[0mGET /api/products?categoryId=9 [32m200[0m 5.337 ms - 631[0m
[0mGET /api/products?categoryId=10 [32m200[0m 4.248 ms - 635[0m
[0mGET /api/products?categoryId=11 [32m200[0m 4.225 ms - 635[0m
[0mGET /api/products?categoryId=12 [32m200[0m 3.606 ms - 636[0m
[0mGET /api/categories [32m200[0m 4.302 ms - -[0m
[0mGET /api/categories [32m200[0m 3.106 ms - -[0m
[0mDELETE /api/categories/6 [33m409[0m 4.412 ms - 94[0m
[0mGET /api/categories [32m200[0m 6.373 ms - -[0m
[0mGET /api/products [32m200[0m 9.603 ms - -[0m
[0mGET /api/products [32m200[0m 4.978 ms - -[0m
[0mGET /api/categories [32m200[0m 3.616 ms - -[0m
[0mDELETE /api/products/4 [32m200[0m 43.456 ms - 71[0m
[0mGET /api/categories [32m200[0m 2.703 ms - -[0m
[0mGET /api/products [32m200[0m 4.034 ms - -[0m
[0mDELETE /api/products/4 [32m200[0m 42.741 ms - 71[0m
[0mGET /api/categories [32m200[0m 3.016 ms - -[0m
[0mGET /api/products [32m200[0m 4.443 ms - -[0m
[0mDELETE /api/products/5 [32m200[0m 41.897 ms - 71[0m
[0mGET /api/categories [32m200[0m 3.129 ms - -[0m
[0mGET /api/products [32m200[0m 4.735 ms - -[0m
[0mDELETE /api/products/6 [32m200[0m 42.729 ms - 71[0m
[0mGET /api/categories [32m200[0m 2.081 ms - -[0m
[0mGET /api/products [32m200[0m 4.212 ms - -[0m
[0mDELETE /api/products/7 [32m200[0m 42.899 ms - 71[0m
[0mGET /api/categories [32m200[0m 2.898 ms - -[0m
[0mGET /api/products [32m200[0m 4.341 ms - -[0m
[0mDELETE /api/products/8 [32m200[0m 41.528 ms - 71[0m
[0mGET /api/categories [32m200[0m 2.868 ms - -[0m
[0mGET /api/products [32m200[0m 4.231 ms - -[0m
[0mDELETE /api/products/9 [32m200[0m 42.453 ms - 71[0m
[0mGET /api/categories [32m200[0m 2.751 ms - -[0m
[0mGET /api/products [32m200[0m 4.081 ms - -[0m
[0mGET /api/categories [32m200[0m 4.875 ms - -[0m
[0mGET /api/categories [32m200[0m 3.684 ms - -[0m
[0mDELETE /api/categories/6 [33m409[0m 3.285 ms - 94[0m
[0mDELETE /api/categories/6 [33m409[0m 3.385 ms - 94[0m
[0mDELETE /api/categories/7 [33m409[0m 3.845 ms - 94[0m
[0mGET /api/cash-shifts/current [32m200[0m 7.623 ms - 235[0m
[0mGET /api/cash-shifts/current [32m200[0m 5.721 ms - 235[0m
[0mGET /api/categories [32m200[0m 11.426 ms - -[0m
[0mGET /api/categories [32m200[0m 9.164 ms - -[0m
[0mGET /api/products [32m200[0m 10.585 ms - -[0m
[0mGET /api/products [32m200[0m 7.054 ms - -[0m
Error: Product Classic Burger is not active
    at D:\Proyectos\control_gastronomicoV2\backend\src\services\order.service.ts:42:38
    at async Proxy._transactionWithCallback (D:\Proyectos\control_gastronomicoV2\backend\node_modules\@prisma\client\src\runtime\getPrismaClient.ts:722:18)
    at async OrderService.createOrder (D:\Proyectos\control_gastronomicoV2\backend\src\services\order.service.ts:27:12)
    at async createOrder (D:\Proyectos\control_gastronomicoV2\backend\src\controllers\order.controller.ts:33:19)
[0mPOST /api/orders [31m500[0m 4.018 ms - 64[0m
Error: Product Classic Burger is not active
    at D:\Proyectos\control_gastronomicoV2\backend\src\services\order.service.ts:42:38
    at async Proxy._transactionWithCallback (D:\Proyectos\control_gastronomicoV2\backend\node_modules\@prisma\client\src\runtime\getPrismaClient.ts:722:18)
    at async OrderService.createOrder (D:\Proyectos\control_gastronomicoV2\backend\src\services\order.service.ts:27:12)
    at async createOrder (D:\Proyectos\control_gastronomicoV2\backend\src\controllers\order.controller.ts:33:19)
[0mPOST /api/orders [31m500[0m 3.703 ms - 64[0m
[0mGET /api/categories [32m200[0m 5.205 ms - -[0m
[0mGET /api/categories [32m200[0m 2.563 ms - -[0m
[0mGET /api/categories [32m200[0m 5.917 ms - -[0m
[0mGET /api/products [32m200[0m 4.411 ms - -[0m
[0mGET /api/products [32m200[0m 9.247 ms - -[0m
[0mGET /api/categories [32m200[0m 2.925 ms - -[0m
[0mGET /api/categories [32m200[0m 4.461 ms - -[0m
[0mGET /api/cash-shifts/current [32m200[0m 5.784 ms - 235[0m
[0mGET /api/products [32m200[0m 8.538 ms - -[0m
[0mGET /api/categories [32m200[0m 6.217 ms - -[0m
[0mGET /api/cash-shifts/current [32m200[0m 4.540 ms - 235[0m
[0mGET /api/products [32m200[0m 6.812 ms - -[0m
DEBUG: Creating Order with data: {
  "orderNumber": 6,
  "channel": "POS",
  "status": "OPEN",
  "paymentStatus": "PENDING",
  "subtotal": 1500,
  "total": 1500,
  "businessDate": "2026-01-14T19:51:24.284Z",
  "items": {
    "create": [
      {
        "product": {
          "connect": {
            "id": 3
          }
        },
        "quantity": 1,
        "unitPrice": 1500,
        "notes": null,
        "status": "PENDING"
      }
    ]
  },
  "serverId": 1
}
[0mPOST /api/orders [32m201[0m 44.866 ms - 521[0m
DEBUG: Creating Order with data: {
  "orderNumber": 7,
  "channel": "POS",
  "status": "OPEN",
  "paymentStatus": "PENDING",
  "subtotal": 1500,
  "total": 1500,
  "businessDate": "2026-01-14T19:51:25.465Z",
  "items": {
    "create": [
      {
        "product": {
          "connect": {
            "id": 3
          }
        },
        "quantity": 1,
        "unitPrice": 1500,
        "notes": null,
        "status": "PENDING"
      }
    ]
  },
  "serverId": 1
}
[0mPOST /api/orders [32m201[0m 45.190 ms - 521[0m
[0mGET /api/categories [32m200[0m 4.881 ms - -[0m
[0mGET /api/categories [32m200[0m 7.832 ms - -[0m
[0mGET /api/cash-shifts/current [32m200[0m 11.886 ms - 235[0m
[0mGET /api/cash-shifts/current [32m200[0m 6.356 ms - 235[0m
[0mGET /api/categories [32m200[0m 17.770 ms - -[0m
[0mGET /api/products [32m200[0m 16.451 ms - -[0m
[0mGET /api/categories [32m200[0m 11.200 ms - -[0m
[0mGET /api/products [32m200[0m 9.889 ms - -[0m
[0mGET /api/categories [32m200[0m 5.486 ms - -[0m
[0mGET /api/cash-shifts/current [32m200[0m 8.022 ms - 235[0m
[0mGET /api/cash-shifts/current [32m200[0m 5.793 ms - 235[0m
[0mGET /api/categories [32m200[0m 9.100 ms - -[0m
[0mGET /api/products [32m200[0m 10.489 ms - -[0m
[0mGET /api/products [32m200[0m 6.742 ms - -[0m
[0mGET /api/products?isActive=true [32m200[0m 7.239 ms - -[0m
[0mGET /api/products?categoryId=6&isActive=true [32m200[0m 45.782 ms - 26[0m
[0mGET /api/products?categoryId=7&isActive=true [32m200[0m 3.250 ms - 26[0m
[0mGET /api/products?categoryId=8&isActive=true [32m200[0m 2.541 ms - 26[0m
[0mGET /api/products?categoryId=9&isActive=true [32m200[0m 2.936 ms - 26[0m
[0mGET /api/products?categoryId=10&isActive=true [32m200[0m 2.674 ms - 26[0m
[0mGET /api/products?categoryId=11&isActive=true [32m200[0m 2.634 ms - 26[0m
[0mGET /api/products?categoryId=12&isActive=true [32m200[0m 4.151 ms - 636[0m
[0mGET /api/products?categoryId=3&isActive=true [32m200[0m 5.097 ms - 430[0m
[0mGET /api/products?isActive=true [32m200[0m 4.288 ms - -[0m
[0mGET /api/categories [32m200[0m 5.693 ms - -[0m
[0mGET /api/products?isActive=true [32m200[0m 4.919 ms - -[0m
[0mGET /api/cash-shifts/current [32m200[0m 8.604 ms - 235[0m
[0mGET /api/cash-shifts/current [32m200[0m 3.966 ms - 235[0m
[0mGET /api/categories [32m200[0m 7.493 ms - -[0m
[0mGET /api/products?isActive=true [32m200[0m 5.292 ms - -[0m
[0mGET /api/cash-shifts/current [32m200[0m 22.520 ms - 235[0m
[0mGET /api/categories [32m200[0m 19.157 ms - -[0m
[0mGET /api/products?isActive=true [32m200[0m 21.859 ms - -[0m
[0mGET /api/categories [32m200[0m 16.088 ms - -[0m
[0mGET /api/products?isActive=true [32m200[0m 13.243 ms - -[0m
[0mGET /api/cash-shifts/current [32m200[0m 12.406 ms - 235[0m
[32m[nodemon] restarting due to changes...[39m
[32m[nodemon] starting `ts-node src/server.ts`[39m
[32m[nodemon] restarting due to changes...[39m
[dotenv@17.2.3] injecting env (0) from .env -- tip: ÔÜÖ´©Å  write to custom object with { processEnv: myObject }
Server running on port 3001
[32m[nodemon] starting `ts-node src/server.ts`[39m
[dotenv@17.2.3] injecting env (0) from .env -- tip: ­ƒöæ add access controls to secrets: https://dotenvx.com/ops
Server running on port 3001
[32m[nodemon] restarting due to changes...[39m
[32m[nodemon] starting `ts-node src/server.ts`[39m
[dotenv@17.2.3] injecting env (0) from .env -- tip: ÔÜÖ´©Å  load multiple .env files with { path: ['.env.local', '.env'] }
Server running on port 3001
[32m[nodemon] restarting due to changes...[39m
[32m[nodemon] starting `ts-node src/server.ts`[39m
[32m[nodemon] restarting due to changes...[39m
[32m[nodemon] starting `ts-node src/server.ts`[39m
[dotenv@17.2.3] injecting env (0) from .env -- tip: ÔÜÖ´©Å  override existing env vars with { override: true }
Server running on port 3001
[0mGET /api/cash-shifts/current [32m200[0m 28.312 ms - 235[0m
[0mGET /api/cash-shifts/current [32m200[0m 15.209 ms - 235[0m
[0mGET /api/categories [32m200[0m 23.046 ms - -[0m
[0mGET /api/categories [32m200[0m 47.097 ms - -[0m
[0mGET /api/products?isActive=true [32m200[0m 21.276 ms - -[0m
[0mGET /api/products?isActive=true [32m200[0m 31.023 ms - -[0m
[0mGET /api/cash-shifts/current [32m200[0m 8.905 ms - 235[0m
[0mGET /api/categories [32m200[0m 6.496 ms - -[0m
[0mGET /api/categories [32m200[0m 13.616 ms - -[0m
[0mGET /api/products?isActive=true [32m200[0m 11.759 ms - -[0m
[0mGET /api/cash-shifts/current [32m200[0m 5.219 ms - 235[0m
[0mGET /api/products?isActive=true [32m200[0m 8.113 ms - -[0m
